25-Mar-2021 18:51:08.225 INFO [main] org.apache.catalina.startup.VersionLoggerListener.log Server version name:   Apache Tomcat/9.0.44
25-Mar-2021 18:51:08.241 INFO [main] org.apache.catalina.startup.VersionLoggerListener.log Server built:          Mar 4 2021 21:49:34 UTC
25-Mar-2021 18:51:08.241 INFO [main] org.apache.catalina.startup.VersionLoggerListener.log Server version number: 9.0.44.0
25-Mar-2021 18:51:08.242 INFO [main] org.apache.catalina.startup.VersionLoggerListener.log OS Name:               Windows 10
25-Mar-2021 18:51:08.242 INFO [main] org.apache.catalina.startup.VersionLoggerListener.log OS Version:            10.0
25-Mar-2021 18:51:08.242 INFO [main] org.apache.catalina.startup.VersionLoggerListener.log Architecture:          amd64
25-Mar-2021 18:51:08.242 INFO [main] org.apache.catalina.startup.VersionLoggerListener.log Java Home:             C:\Program Files\Java\jdk-11.0.10
25-Mar-2021 18:51:08.243 INFO [main] org.apache.catalina.startup.VersionLoggerListener.log JVM Version:           11.0.10+8-LTS-162
25-Mar-2021 18:51:08.243 INFO [main] org.apache.catalina.startup.VersionLoggerListener.log JVM Vendor:            Oracle Corporation
25-Mar-2021 18:51:08.243 INFO [main] org.apache.catalina.startup.VersionLoggerListener.log CATALINA_BASE:         C:\Users\afons\eclipse-workspace\apache-tomcat-9.0.44
25-Mar-2021 18:51:08.244 INFO [main] org.apache.catalina.startup.VersionLoggerListener.log CATALINA_HOME:         C:\Users\afons\eclipse-workspace\apache-tomcat-9.0.44
25-Mar-2021 18:51:08.410 INFO [main] org.apache.catalina.startup.VersionLoggerListener.log Command line argument: --add-opens=java.base/java.lang=ALL-UNNAMED
25-Mar-2021 18:51:08.410 INFO [main] org.apache.catalina.startup.VersionLoggerListener.log Command line argument: --add-opens=java.base/java.io=ALL-UNNAMED
25-Mar-2021 18:51:08.411 INFO [main] org.apache.catalina.startup.VersionLoggerListener.log Command line argument: --add-opens=java.base/java.util=ALL-UNNAMED
25-Mar-2021 18:51:08.411 INFO [main] org.apache.catalina.startup.VersionLoggerListener.log Command line argument: --add-opens=java.base/java.util.concurrent=ALL-UNNAMED
25-Mar-2021 18:51:08.412 INFO [main] org.apache.catalina.startup.VersionLoggerListener.log Command line argument: --add-opens=java.rmi/sun.rmi.transport=ALL-UNNAMED
25-Mar-2021 18:51:08.413 INFO [main] org.apache.catalina.startup.VersionLoggerListener.log Command line argument: -Djava.util.logging.config.file=C:\Users\afons\eclipse-workspace\apache-tomcat-9.0.44\conf\logging.properties
25-Mar-2021 18:51:08.414 INFO [main] org.apache.catalina.startup.VersionLoggerListener.log Command line argument: -Djava.util.logging.manager=org.apache.juli.ClassLoaderLogManager
25-Mar-2021 18:51:08.415 INFO [main] org.apache.catalina.startup.VersionLoggerListener.log Command line argument: -Djdk.tls.ephemeralDHKeySize=2048
25-Mar-2021 18:51:08.417 INFO [main] org.apache.catalina.startup.VersionLoggerListener.log Command line argument: -Djava.protocol.handler.pkgs=org.apache.catalina.webresources
25-Mar-2021 18:51:08.418 INFO [main] org.apache.catalina.startup.VersionLoggerListener.log Command line argument: -Dignore.endorsed.dirs=
25-Mar-2021 18:51:08.418 INFO [main] org.apache.catalina.startup.VersionLoggerListener.log Command line argument: -Dcatalina.base=C:\Users\afons\eclipse-workspace\apache-tomcat-9.0.44
25-Mar-2021 18:51:08.419 INFO [main] org.apache.catalina.startup.VersionLoggerListener.log Command line argument: -Dcatalina.home=C:\Users\afons\eclipse-workspace\apache-tomcat-9.0.44
25-Mar-2021 18:51:08.420 INFO [main] org.apache.catalina.startup.VersionLoggerListener.log Command line argument: -Djava.io.tmpdir=C:\Users\afons\eclipse-workspace\apache-tomcat-9.0.44\temp
25-Mar-2021 18:51:08.538 INFO [main] org.apache.catalina.core.AprLifecycleListener.lifecycleEvent Loaded Apache Tomcat Native library [1.2.26] using APR version [1.7.0].
25-Mar-2021 18:51:08.539 INFO [main] org.apache.catalina.core.AprLifecycleListener.lifecycleEvent APR capabilities: IPv6 [true], sendfile [true], accept filters [false], random [true].
25-Mar-2021 18:51:08.541 INFO [main] org.apache.catalina.core.AprLifecycleListener.lifecycleEvent APR/OpenSSL configuration: useAprConnector [false], useOpenSSL [true]
25-Mar-2021 18:51:08.628 INFO [main] org.apache.catalina.core.AprLifecycleListener.initializeSSL OpenSSL successfully initialized [OpenSSL 1.1.1i  8 Dec 2020]
25-Mar-2021 18:51:10.014 INFO [main] org.apache.coyote.AbstractProtocol.init Initializing ProtocolHandler ["http-nio-8080"]
25-Mar-2021 18:51:10.561 INFO [main] org.apache.catalina.startup.Catalina.load Server initialization in [3594] milliseconds
25-Mar-2021 18:51:10.762 INFO [main] org.apache.catalina.core.StandardService.startInternal Starting service [Catalina]
25-Mar-2021 18:51:10.763 INFO [main] org.apache.catalina.core.StandardEngine.startInternal Starting Servlet engine: [Apache Tomcat/9.0.44]
25-Mar-2021 18:51:10.838 INFO [main] org.apache.catalina.startup.HostConfig.deployDirectory Diretório de instalação da aplicação web [C:\Users\afons\eclipse-workspace\apache-tomcat-9.0.44\webapps\docs]
25-Mar-2021 18:51:12.091 WARNING [main] org.apache.catalina.util.SessionIdGeneratorBase.createSecureRandom Creation of SecureRandom instance for session ID generation using [SHA1PRNG] took [313] milliseconds.
25-Mar-2021 18:51:12.222 INFO [main] org.apache.catalina.startup.HostConfig.deployDirectory Deployment of web application directory [C:\Users\afons\eclipse-workspace\apache-tomcat-9.0.44\webapps\docs] has finished in [1.385] ms
25-Mar-2021 18:51:12.236 INFO [main] org.apache.catalina.startup.HostConfig.deployDirectory Diretório de instalação da aplicação web [C:\Users\afons\eclipse-workspace\apache-tomcat-9.0.44\webapps\examples]
25-Mar-2021 18:51:14.880 INFO [main] org.apache.catalina.startup.HostConfig.deployDirectory Deployment of web application directory [C:\Users\afons\eclipse-workspace\apache-tomcat-9.0.44\webapps\examples] has finished in [2.643] ms
25-Mar-2021 18:51:14.890 INFO [main] org.apache.catalina.startup.HostConfig.deployDirectory Diretório de instalação da aplicação web [C:\Users\afons\eclipse-workspace\apache-tomcat-9.0.44\webapps\host-manager]
25-Mar-2021 18:51:15.038 INFO [main] org.apache.catalina.startup.HostConfig.deployDirectory Deployment of web application directory [C:\Users\afons\eclipse-workspace\apache-tomcat-9.0.44\webapps\host-manager] has finished in [148] ms
25-Mar-2021 18:51:15.040 INFO [main] org.apache.catalina.startup.HostConfig.deployDirectory Diretório de instalação da aplicação web [C:\Users\afons\eclipse-workspace\apache-tomcat-9.0.44\webapps\manager]
25-Mar-2021 18:51:15.203 INFO [main] org.apache.catalina.startup.HostConfig.deployDirectory Deployment of web application directory [C:\Users\afons\eclipse-workspace\apache-tomcat-9.0.44\webapps\manager] has finished in [164] ms
25-Mar-2021 18:51:15.205 INFO [main] org.apache.catalina.startup.HostConfig.deployDirectory Diretório de instalação da aplicação web [C:\Users\afons\eclipse-workspace\apache-tomcat-9.0.44\webapps\ROOT]
25-Mar-2021 18:51:15.294 INFO [main] org.apache.catalina.startup.HostConfig.deployDirectory Deployment of web application directory [C:\Users\afons\eclipse-workspace\apache-tomcat-9.0.44\webapps\ROOT] has finished in [90] ms
25-Mar-2021 18:51:15.303 INFO [main] org.apache.coyote.AbstractProtocol.start Starting ProtocolHandler ["http-nio-8080"]
25-Mar-2021 18:51:15.323 INFO [main] org.apache.catalina.startup.Catalina.start Server startup in [4760] milliseconds
25-Mar-2021 18:54:15.497 INFO [Catalina-utility-2] org.apache.catalina.users.MemoryUserDatabase.backgroundProcess Reloading memory user database [UserDatabase] from updated source [file:/C:/Users/afons/eclipse-workspace/apache-tomcat-9.0.44/conf/tomcat-users.xml]
25-Mar-2021 18:55:52.222 INFO [Thread-3] org.apache.coyote.AbstractProtocol.pause Pausing ProtocolHandler ["http-nio-8080"]
25-Mar-2021 18:55:52.533 INFO [Thread-3] org.apache.catalina.core.StandardService.stopInternal Stopping service [Catalina]
25-Mar-2021 18:55:52.642 INFO [Thread-3] org.apache.coyote.AbstractProtocol.stop Stopping ProtocolHandler ["http-nio-8080"]
25-Mar-2021 18:55:52.690 INFO [Thread-3] org.apache.coyote.AbstractProtocol.destroy Destroying ProtocolHandler ["http-nio-8080"]
25-Mar-2021 18:56:12.210 INFO [main] org.apache.catalina.startup.VersionLoggerListener.log Server version name:   Apache Tomcat/9.0.44
25-Mar-2021 18:56:12.217 INFO [main] org.apache.catalina.startup.VersionLoggerListener.log Server built:          Mar 4 2021 21:49:34 UTC
25-Mar-2021 18:56:12.218 INFO [main] org.apache.catalina.startup.VersionLoggerListener.log Server version number: 9.0.44.0
25-Mar-2021 18:56:12.218 INFO [main] org.apache.catalina.startup.VersionLoggerListener.log OS Name:               Windows 10
25-Mar-2021 18:56:12.218 INFO [main] org.apache.catalina.startup.VersionLoggerListener.log OS Version:            10.0
25-Mar-2021 18:56:12.219 INFO [main] org.apache.catalina.startup.VersionLoggerListener.log Architecture:          amd64
25-Mar-2021 18:56:12.219 INFO [main] org.apache.catalina.startup.VersionLoggerListener.log Java Home:             C:\Program Files\Java\jdk-11.0.10
25-Mar-2021 18:56:12.220 INFO [main] org.apache.catalina.startup.VersionLoggerListener.log JVM Version:           11.0.10+8-LTS-162
25-Mar-2021 18:56:12.220 INFO [main] org.apache.catalina.startup.VersionLoggerListener.log JVM Vendor:            Oracle Corporation
25-Mar-2021 18:56:12.221 INFO [main] org.apache.catalina.startup.VersionLoggerListener.log CATALINA_BASE:         C:\Users\afons\eclipse-workspace\apache-tomcat-9.0.44
25-Mar-2021 18:56:12.221 INFO [main] org.apache.catalina.startup.VersionLoggerListener.log CATALINA_HOME:         C:\Users\afons\eclipse-workspace\apache-tomcat-9.0.44
25-Mar-2021 18:56:12.244 INFO [main] org.apache.catalina.startup.VersionLoggerListener.log Command line argument: --add-opens=java.base/java.lang=ALL-UNNAMED
25-Mar-2021 18:56:12.245 INFO [main] org.apache.catalina.startup.VersionLoggerListener.log Command line argument: --add-opens=java.base/java.io=ALL-UNNAMED
25-Mar-2021 18:56:12.245 INFO [main] org.apache.catalina.startup.VersionLoggerListener.log Command line argument: --add-opens=java.base/java.util=ALL-UNNAMED
25-Mar-2021 18:56:12.245 INFO [main] org.apache.catalina.startup.VersionLoggerListener.log Command line argument: --add-opens=java.base/java.util.concurrent=ALL-UNNAMED
25-Mar-2021 18:56:12.245 INFO [main] org.apache.catalina.startup.VersionLoggerListener.log Command line argument: --add-opens=java.rmi/sun.rmi.transport=ALL-UNNAMED
25-Mar-2021 18:56:12.247 INFO [main] org.apache.catalina.startup.VersionLoggerListener.log Command line argument: -Djava.util.logging.config.file=C:\Users\afons\eclipse-workspace\apache-tomcat-9.0.44\conf\logging.properties
25-Mar-2021 18:56:12.249 INFO [main] org.apache.catalina.startup.VersionLoggerListener.log Command line argument: -Djava.util.logging.manager=org.apache.juli.ClassLoaderLogManager
25-Mar-2021 18:56:12.250 INFO [main] org.apache.catalina.startup.VersionLoggerListener.log Command line argument: -Djdk.tls.ephemeralDHKeySize=2048
25-Mar-2021 18:56:12.251 INFO [main] org.apache.catalina.startup.VersionLoggerListener.log Command line argument: -Djava.protocol.handler.pkgs=org.apache.catalina.webresources
25-Mar-2021 18:56:12.252 INFO [main] org.apache.catalina.startup.VersionLoggerListener.log Command line argument: -Dignore.endorsed.dirs=
25-Mar-2021 18:56:12.253 INFO [main] org.apache.catalina.startup.VersionLoggerListener.log Command line argument: -Dcatalina.base=C:\Users\afons\eclipse-workspace\apache-tomcat-9.0.44
25-Mar-2021 18:56:12.254 INFO [main] org.apache.catalina.startup.VersionLoggerListener.log Command line argument: -Dcatalina.home=C:\Users\afons\eclipse-workspace\apache-tomcat-9.0.44
25-Mar-2021 18:56:12.259 INFO [main] org.apache.catalina.startup.VersionLoggerListener.log Command line argument: -Djava.io.tmpdir=C:\Users\afons\eclipse-workspace\apache-tomcat-9.0.44\temp
25-Mar-2021 18:56:12.265 INFO [main] org.apache.catalina.core.AprLifecycleListener.lifecycleEvent Loaded Apache Tomcat Native library [1.2.26] using APR version [1.7.0].
25-Mar-2021 18:56:12.266 INFO [main] org.apache.catalina.core.AprLifecycleListener.lifecycleEvent APR capabilities: IPv6 [true], sendfile [true], accept filters [false], random [true].
25-Mar-2021 18:56:12.268 INFO [main] org.apache.catalina.core.AprLifecycleListener.lifecycleEvent APR/OpenSSL configuration: useAprConnector [false], useOpenSSL [true]
25-Mar-2021 18:56:12.279 INFO [main] org.apache.catalina.core.AprLifecycleListener.initializeSSL OpenSSL successfully initialized [OpenSSL 1.1.1i  8 Dec 2020]
25-Mar-2021 18:56:12.754 INFO [main] org.apache.coyote.AbstractProtocol.init Initializing ProtocolHandler ["http-nio-8080"]
25-Mar-2021 18:56:13.008 INFO [main] org.apache.catalina.startup.Catalina.load Server initialization in [1347] milliseconds
25-Mar-2021 18:56:13.104 INFO [main] org.apache.catalina.core.StandardService.startInternal Starting service [Catalina]
25-Mar-2021 18:56:13.104 INFO [main] org.apache.catalina.core.StandardEngine.startInternal Starting Servlet engine: [Apache Tomcat/9.0.44]
25-Mar-2021 18:56:13.127 INFO [main] org.apache.catalina.startup.HostConfig.deployDirectory Diretório de instalação da aplicação web [C:\Users\afons\eclipse-workspace\apache-tomcat-9.0.44\webapps\docs]
25-Mar-2021 18:56:13.928 WARNING [main] org.apache.catalina.util.SessionIdGeneratorBase.createSecureRandom Creation of SecureRandom instance for session ID generation using [SHA1PRNG] took [307] milliseconds.
25-Mar-2021 18:56:13.990 INFO [main] org.apache.catalina.startup.HostConfig.deployDirectory Deployment of web application directory [C:\Users\afons\eclipse-workspace\apache-tomcat-9.0.44\webapps\docs] has finished in [863] ms
25-Mar-2021 18:56:13.991 INFO [main] org.apache.catalina.startup.HostConfig.deployDirectory Diretório de instalação da aplicação web [C:\Users\afons\eclipse-workspace\apache-tomcat-9.0.44\webapps\examples]
25-Mar-2021 18:56:14.787 INFO [main] org.apache.catalina.startup.HostConfig.deployDirectory Deployment of web application directory [C:\Users\afons\eclipse-workspace\apache-tomcat-9.0.44\webapps\examples] has finished in [796] ms
25-Mar-2021 18:56:14.788 INFO [main] org.apache.catalina.startup.HostConfig.deployDirectory Diretório de instalação da aplicação web [C:\Users\afons\eclipse-workspace\apache-tomcat-9.0.44\webapps\host-manager]
25-Mar-2021 18:56:14.832 INFO [main] org.apache.catalina.startup.HostConfig.deployDirectory Deployment of web application directory [C:\Users\afons\eclipse-workspace\apache-tomcat-9.0.44\webapps\host-manager] has finished in [43] ms
25-Mar-2021 18:56:14.833 INFO [main] org.apache.catalina.startup.HostConfig.deployDirectory Diretório de instalação da aplicação web [C:\Users\afons\eclipse-workspace\apache-tomcat-9.0.44\webapps\manager]
25-Mar-2021 18:56:14.885 INFO [main] org.apache.catalina.startup.HostConfig.deployDirectory Deployment of web application directory [C:\Users\afons\eclipse-workspace\apache-tomcat-9.0.44\webapps\manager] has finished in [52] ms
25-Mar-2021 18:56:14.886 INFO [main] org.apache.catalina.startup.HostConfig.deployDirectory Diretório de instalação da aplicação web [C:\Users\afons\eclipse-workspace\apache-tomcat-9.0.44\webapps\ROOT]
25-Mar-2021 18:56:14.928 INFO [main] org.apache.catalina.startup.HostConfig.deployDirectory Deployment of web application directory [C:\Users\afons\eclipse-workspace\apache-tomcat-9.0.44\webapps\ROOT] has finished in [42] ms
25-Mar-2021 18:56:14.935 INFO [main] org.apache.coyote.AbstractProtocol.start Starting ProtocolHandler ["http-nio-8080"]
25-Mar-2021 18:56:14.950 INFO [main] org.apache.catalina.startup.Catalina.start Server startup in [1942] milliseconds
25-Mar-2021 18:57:13.526 INFO [Thread-3] org.apache.coyote.AbstractProtocol.pause Pausing ProtocolHandler ["http-nio-8080"]
25-Mar-2021 18:57:13.760 INFO [Thread-3] org.apache.catalina.core.StandardService.stopInternal Stopping service [Catalina]
25-Mar-2021 18:57:13.858 INFO [Thread-3] org.apache.coyote.AbstractProtocol.stop Stopping ProtocolHandler ["http-nio-8080"]
25-Mar-2021 18:57:13.867 INFO [Thread-3] org.apache.coyote.AbstractProtocol.destroy Destroying ProtocolHandler ["http-nio-8080"]
25-Mar-2021 18:57:27.551 INFO [main] org.apache.catalina.startup.VersionLoggerListener.log Server version name:   Apache Tomcat/9.0.44
25-Mar-2021 18:57:27.558 INFO [main] org.apache.catalina.startup.VersionLoggerListener.log Server built:          Mar 4 2021 21:49:34 UTC
25-Mar-2021 18:57:27.558 INFO [main] org.apache.catalina.startup.VersionLoggerListener.log Server version number: 9.0.44.0
25-Mar-2021 18:57:27.559 INFO [main] org.apache.catalina.startup.VersionLoggerListener.log OS Name:               Windows 10
25-Mar-2021 18:57:27.559 INFO [main] org.apache.catalina.startup.VersionLoggerListener.log OS Version:            10.0
25-Mar-2021 18:57:27.560 INFO [main] org.apache.catalina.startup.VersionLoggerListener.log Architecture:          amd64
25-Mar-2021 18:57:27.560 INFO [main] org.apache.catalina.startup.VersionLoggerListener.log Java Home:             C:\Program Files\Java\jdk-11.0.10
25-Mar-2021 18:57:27.560 INFO [main] org.apache.catalina.startup.VersionLoggerListener.log JVM Version:           11.0.10+8-LTS-162
25-Mar-2021 18:57:27.561 INFO [main] org.apache.catalina.startup.VersionLoggerListener.log JVM Vendor:            Oracle Corporation
25-Mar-2021 18:57:27.562 INFO [main] org.apache.catalina.startup.VersionLoggerListener.log CATALINA_BASE:         C:\Users\afons\eclipse-workspace\apache-tomcat-9.0.44
25-Mar-2021 18:57:27.563 INFO [main] org.apache.catalina.startup.VersionLoggerListener.log CATALINA_HOME:         C:\Users\afons\eclipse-workspace\apache-tomcat-9.0.44
25-Mar-2021 18:57:27.589 INFO [main] org.apache.catalina.startup.VersionLoggerListener.log Command line argument: --add-opens=java.base/java.lang=ALL-UNNAMED
25-Mar-2021 18:57:27.590 INFO [main] org.apache.catalina.startup.VersionLoggerListener.log Command line argument: --add-opens=java.base/java.io=ALL-UNNAMED
25-Mar-2021 18:57:27.590 INFO [main] org.apache.catalina.startup.VersionLoggerListener.log Command line argument: --add-opens=java.base/java.util=ALL-UNNAMED
25-Mar-2021 18:57:27.591 INFO [main] org.apache.catalina.startup.VersionLoggerListener.log Command line argument: --add-opens=java.base/java.util.concurrent=ALL-UNNAMED
25-Mar-2021 18:57:27.591 INFO [main] org.apache.catalina.startup.VersionLoggerListener.log Command line argument: --add-opens=java.rmi/sun.rmi.transport=ALL-UNNAMED
25-Mar-2021 18:57:27.592 INFO [main] org.apache.catalina.startup.VersionLoggerListener.log Command line argument: -Djava.util.logging.config.file=C:\Users\afons\eclipse-workspace\apache-tomcat-9.0.44\conf\logging.properties
25-Mar-2021 18:57:27.594 INFO [main] org.apache.catalina.startup.VersionLoggerListener.log Command line argument: -Djava.util.logging.manager=org.apache.juli.ClassLoaderLogManager
25-Mar-2021 18:57:27.596 INFO [main] org.apache.catalina.startup.VersionLoggerListener.log Command line argument: -Djdk.tls.ephemeralDHKeySize=2048
25-Mar-2021 18:57:27.597 INFO [main] org.apache.catalina.startup.VersionLoggerListener.log Command line argument: -Djava.protocol.handler.pkgs=org.apache.catalina.webresources
25-Mar-2021 18:57:27.597 INFO [main] org.apache.catalina.startup.VersionLoggerListener.log Command line argument: -Dignore.endorsed.dirs=
25-Mar-2021 18:57:27.598 INFO [main] org.apache.catalina.startup.VersionLoggerListener.log Command line argument: -Dcatalina.base=C:\Users\afons\eclipse-workspace\apache-tomcat-9.0.44
25-Mar-2021 18:57:27.599 INFO [main] org.apache.catalina.startup.VersionLoggerListener.log Command line argument: -Dcatalina.home=C:\Users\afons\eclipse-workspace\apache-tomcat-9.0.44
25-Mar-2021 18:57:27.603 INFO [main] org.apache.catalina.startup.VersionLoggerListener.log Command line argument: -Djava.io.tmpdir=C:\Users\afons\eclipse-workspace\apache-tomcat-9.0.44\temp
25-Mar-2021 18:57:27.611 INFO [main] org.apache.catalina.core.AprLifecycleListener.lifecycleEvent Loaded Apache Tomcat Native library [1.2.26] using APR version [1.7.0].
25-Mar-2021 18:57:27.612 INFO [main] org.apache.catalina.core.AprLifecycleListener.lifecycleEvent APR capabilities: IPv6 [true], sendfile [true], accept filters [false], random [true].
25-Mar-2021 18:57:27.614 INFO [main] org.apache.catalina.core.AprLifecycleListener.lifecycleEvent APR/OpenSSL configuration: useAprConnector [false], useOpenSSL [true]
25-Mar-2021 18:57:27.626 INFO [main] org.apache.catalina.core.AprLifecycleListener.initializeSSL OpenSSL successfully initialized [OpenSSL 1.1.1i  8 Dec 2020]
25-Mar-2021 18:57:28.342 INFO [main] org.apache.coyote.AbstractProtocol.init Initializing ProtocolHandler ["http-nio-8080"]
25-Mar-2021 18:57:28.712 INFO [main] org.apache.catalina.startup.Catalina.load Server initialization in [1626] milliseconds
25-Mar-2021 18:57:28.852 INFO [main] org.apache.catalina.core.StandardService.startInternal Starting service [Catalina]
25-Mar-2021 18:57:28.853 INFO [main] org.apache.catalina.core.StandardEngine.startInternal Starting Servlet engine: [Apache Tomcat/9.0.44]
25-Mar-2021 18:57:28.872 INFO [main] org.apache.catalina.startup.HostConfig.deployDirectory Diretório de instalação da aplicação web [C:\Users\afons\eclipse-workspace\apache-tomcat-9.0.44\webapps\docs]
25-Mar-2021 18:57:29.692 WARNING [main] org.apache.catalina.util.SessionIdGeneratorBase.createSecureRandom Creation of SecureRandom instance for session ID generation using [SHA1PRNG] took [269] milliseconds.
25-Mar-2021 18:57:29.748 INFO [main] org.apache.catalina.startup.HostConfig.deployDirectory Deployment of web application directory [C:\Users\afons\eclipse-workspace\apache-tomcat-9.0.44\webapps\docs] has finished in [875] ms
25-Mar-2021 18:57:29.749 INFO [main] org.apache.catalina.startup.HostConfig.deployDirectory Diretório de instalação da aplicação web [C:\Users\afons\eclipse-workspace\apache-tomcat-9.0.44\webapps\examples]
25-Mar-2021 18:57:30.614 INFO [main] org.apache.catalina.startup.HostConfig.deployDirectory Deployment of web application directory [C:\Users\afons\eclipse-workspace\apache-tomcat-9.0.44\webapps\examples] has finished in [865] ms
25-Mar-2021 18:57:30.615 INFO [main] org.apache.catalina.startup.HostConfig.deployDirectory Diretório de instalação da aplicação web [C:\Users\afons\eclipse-workspace\apache-tomcat-9.0.44\webapps\host-manager]
25-Mar-2021 18:57:30.684 INFO [main] org.apache.catalina.startup.HostConfig.deployDirectory Deployment of web application directory [C:\Users\afons\eclipse-workspace\apache-tomcat-9.0.44\webapps\host-manager] has finished in [69] ms
25-Mar-2021 18:57:30.685 INFO [main] org.apache.catalina.startup.HostConfig.deployDirectory Diretório de instalação da aplicação web [C:\Users\afons\eclipse-workspace\apache-tomcat-9.0.44\webapps\manager]
25-Mar-2021 18:57:30.750 INFO [main] org.apache.catalina.startup.HostConfig.deployDirectory Deployment of web application directory [C:\Users\afons\eclipse-workspace\apache-tomcat-9.0.44\webapps\manager] has finished in [65] ms
25-Mar-2021 18:57:30.751 INFO [main] org.apache.catalina.startup.HostConfig.deployDirectory Diretório de instalação da aplicação web [C:\Users\afons\eclipse-workspace\apache-tomcat-9.0.44\webapps\ROOT]
25-Mar-2021 18:57:30.804 INFO [main] org.apache.catalina.startup.HostConfig.deployDirectory Deployment of web application directory [C:\Users\afons\eclipse-workspace\apache-tomcat-9.0.44\webapps\ROOT] has finished in [54] ms
25-Mar-2021 18:57:30.814 INFO [main] org.apache.coyote.AbstractProtocol.start Starting ProtocolHandler ["http-nio-8080"]
25-Mar-2021 18:57:30.836 INFO [main] org.apache.catalina.startup.Catalina.start Server startup in [2122] milliseconds
25-Mar-2021 19:16:31.813 INFO [Catalina-utility-2] org.apache.catalina.users.MemoryUserDatabase.backgroundProcess Reloading memory user database [UserDatabase] from updated source [file:/C:/Users/afons/eclipse-workspace/apache-tomcat-9.0.44/conf/tomcat-users.xml]
25-Mar-2021 19:16:31.820 INFO [Catalina-utility-2] org.apache.catalina.startup.HostConfig.undeploy Undeploying context []
25-Mar-2021 19:16:31.870 INFO [Catalina-utility-2] org.apache.catalina.startup.HostConfig.undeploy Undeploying context [/examples]
25-Mar-2021 19:16:31.901 INFO [Catalina-utility-2] org.apache.catalina.startup.HostConfig.undeploy Undeploying context [/host-manager]
25-Mar-2021 19:16:31.915 INFO [Catalina-utility-2] org.apache.catalina.startup.HostConfig.undeploy Undeploying context [/manager]
25-Mar-2021 19:16:31.933 INFO [Catalina-utility-2] org.apache.catalina.startup.HostConfig.undeploy Undeploying context [/docs]
25-Mar-2021 19:16:31.947 INFO [Catalina-utility-2] org.apache.catalina.startup.HostConfig.deployDirectory Diretório de instalação da aplicação web [C:\Users\afons\eclipse-workspace\apache-tomcat-9.0.44\webapps\docs]
25-Mar-2021 19:16:32.087 INFO [Catalina-utility-2] org.apache.catalina.startup.HostConfig.deployDirectory Deployment of web application directory [C:\Users\afons\eclipse-workspace\apache-tomcat-9.0.44\webapps\docs] has finished in [140] ms
25-Mar-2021 19:16:32.088 INFO [Catalina-utility-2] org.apache.catalina.startup.HostConfig.deployDirectory Diretório de instalação da aplicação web [C:\Users\afons\eclipse-workspace\apache-tomcat-9.0.44\webapps\examples]
25-Mar-2021 19:16:32.627 INFO [Catalina-utility-2] org.apache.catalina.startup.HostConfig.deployDirectory Deployment of web application directory [C:\Users\afons\eclipse-workspace\apache-tomcat-9.0.44\webapps\examples] has finished in [539] ms
25-Mar-2021 19:16:32.628 INFO [Catalina-utility-2] org.apache.catalina.startup.HostConfig.deployDirectory Diretório de instalação da aplicação web [C:\Users\afons\eclipse-workspace\apache-tomcat-9.0.44\webapps\host-manager]
25-Mar-2021 19:16:32.672 INFO [Catalina-utility-2] org.apache.catalina.startup.HostConfig.deployDirectory Deployment of web application directory [C:\Users\afons\eclipse-workspace\apache-tomcat-9.0.44\webapps\host-manager] has finished in [44] ms
25-Mar-2021 19:16:32.673 INFO [Catalina-utility-2] org.apache.catalina.startup.HostConfig.deployDirectory Diretório de instalação da aplicação web [C:\Users\afons\eclipse-workspace\apache-tomcat-9.0.44\webapps\manager]
25-Mar-2021 19:16:32.722 INFO [Catalina-utility-2] org.apache.catalina.startup.HostConfig.deployDirectory Deployment of web application directory [C:\Users\afons\eclipse-workspace\apache-tomcat-9.0.44\webapps\manager] has finished in [48] ms
25-Mar-2021 19:16:32.722 INFO [Catalina-utility-2] org.apache.catalina.startup.HostConfig.deployDirectory Diretório de instalação da aplicação web [C:\Users\afons\eclipse-workspace\apache-tomcat-9.0.44\webapps\ROOT]
25-Mar-2021 19:16:32.761 INFO [Catalina-utility-2] org.apache.catalina.startup.HostConfig.deployDirectory Deployment of web application directory [C:\Users\afons\eclipse-workspace\apache-tomcat-9.0.44\webapps\ROOT] has finished in [39] ms
25-Mar-2021 19:18:02.128 INFO [Thread-3] org.apache.coyote.AbstractProtocol.pause Pausing ProtocolHandler ["http-nio-8080"]
25-Mar-2021 19:18:02.377 INFO [Thread-3] org.apache.catalina.core.StandardService.stopInternal Stopping service [Catalina]
25-Mar-2021 19:18:02.431 INFO [Thread-3] org.apache.coyote.AbstractProtocol.stop Stopping ProtocolHandler ["http-nio-8080"]
25-Mar-2021 19:18:02.481 INFO [Thread-3] org.apache.coyote.AbstractProtocol.destroy Destroying ProtocolHandler ["http-nio-8080"]
