25-Mar-2021 18:51:14.850 INFO [main] org.apache.catalina.core.ApplicationContext.log ContextListener: contextInitialized()
25-Mar-2021 18:51:14.850 INFO [main] org.apache.catalina.core.ApplicationContext.log SessionListener: contextInitialized()
25-Mar-2021 18:51:14.854 INFO [main] org.apache.catalina.core.ApplicationContext.log ContextListener: attributeAdded('StockTicker', 'async.Stockticker@eadb475')
25-Mar-2021 18:55:52.610 INFO [Thread-3] org.apache.catalina.core.ApplicationContext.log SessionListener: contextDestroyed()
25-Mar-2021 18:55:52.610 INFO [Thread-3] org.apache.catalina.core.ApplicationContext.log ContextListener: contextDestroyed()
25-Mar-2021 18:56:14.769 INFO [main] org.apache.catalina.core.ApplicationContext.log ContextListener: contextInitialized()
25-Mar-2021 18:56:14.770 INFO [main] org.apache.catalina.core.ApplicationContext.log SessionListener: contextInitialized()
25-Mar-2021 18:56:14.772 INFO [main] org.apache.catalina.core.ApplicationContext.log ContextListener: attributeAdded('StockTicker', 'async.Stockticker@106faf11')
25-Mar-2021 18:57:13.815 INFO [Thread-3] org.apache.catalina.core.ApplicationContext.log SessionListener: contextDestroyed()
25-Mar-2021 18:57:13.816 INFO [Thread-3] org.apache.catalina.core.ApplicationContext.log ContextListener: contextDestroyed()
25-Mar-2021 18:57:30.588 INFO [main] org.apache.catalina.core.ApplicationContext.log ContextListener: contextInitialized()
25-Mar-2021 18:57:30.588 INFO [main] org.apache.catalina.core.ApplicationContext.log SessionListener: contextInitialized()
25-Mar-2021 18:57:30.593 INFO [main] org.apache.catalina.core.ApplicationContext.log ContextListener: attributeAdded('StockTicker', 'async.Stockticker@7dd712e8')
25-Mar-2021 19:16:31.884 INFO [Catalina-utility-2] org.apache.catalina.core.ApplicationContext.log SessionListener: contextDestroyed()
25-Mar-2021 19:16:31.884 INFO [Catalina-utility-2] org.apache.catalina.core.ApplicationContext.log ContextListener: contextDestroyed()
25-Mar-2021 19:16:32.616 INFO [Catalina-utility-2] org.apache.catalina.core.ApplicationContext.log ContextListener: contextInitialized()
25-Mar-2021 19:16:32.616 INFO [Catalina-utility-2] org.apache.catalina.core.ApplicationContext.log SessionListener: contextInitialized()
25-Mar-2021 19:16:32.619 INFO [Catalina-utility-2] org.apache.catalina.core.ApplicationContext.log ContextListener: attributeAdded('StockTicker', 'async.Stockticker@2aaff02a')
25-Mar-2021 19:18:02.401 INFO [Thread-3] org.apache.catalina.core.ApplicationContext.log SessionListener: contextDestroyed()
25-Mar-2021 19:18:02.402 INFO [Thread-3] org.apache.catalina.core.ApplicationContext.log ContextListener: contextDestroyed()
